Build started 7/19/2014 4:59:08 PM.
     1>Project "C:\Users\admin\Documents\GitHub\CIS643\KinectSonarRobot\KinectSonarRobot\KinectSonarRobot.vcxproj" on node 2 (Build target(s)).
     1>ClCompile:
         C:\Program Files (x86)\Microsoft Visual Studio 11.0\VC\bin\CL.exe /c /I"C:\Program Files\Microsoft SDKs\Kinect\v1.8\\inc" /I"C:\Program Files\MobileRobots\ARIA\include" /ZI /nologo /W3 /WX- /Od /Oy- /D _MBCS /Gm /EHsc /RTC1 /MDd /GS /fp:precise /Zc:wchar_t /Zc:forScope /Fo"Debug\\" /Fd"Debug\vc110.pdb" /Gd /TP /analyze- /errorReport:prompt AI.cpp KinectSensor.cpp Main.cpp RobotController.cpp
         AI.cpp
         Generating Code...
         Compiling...
         RobotController.cpp
         Main.cpp
         KinectSensor.cpp
         Generating Code...
         C:\Program Files (x86)\Microsoft Visual Studio 11.0\VC\bin\CL.exe /c /I"C:\Program Files\Microsoft SDKs\Kinect\v1.8\\inc" /I"C:\Program Files\MobileRobots\ARIA\include" /I"C:\Program Files\Microsoft SDKs\Kinect\v1.8\\inc" /I"C:\Program Files\MobileRobots\ARIA\include" /ZI /nologo /W3 /WX- /Od /Oy- /D _MBCS /Gm /EHsc /RTC1 /MDd /GS /fp:precise /Zc:wchar_t /Zc:forScope /Fo"Debug\\" /Fd"Debug\vc110.pdb" /Gd /TP /analyze- /errorReport:prompt DataManager.cpp
         DataManager.cpp
       Link:
         C:\Program Files (x86)\Microsoft Visual Studio 11.0\VC\bin\link.exe /ERRORREPORT:PROMPT /OUT:"C:\Users\admin\Documents\GitHub\CIS643\KinectSonarRobot\Debug\Robot.exe" /INCREMENTAL /NOLOGO /LIBPATH:"C:\Program Files\Microsoft SDKs\Kinect\v1.8\\lib\x86" /LIBPATH:"C:\Program Files\MobileRobots\ARIA\lib" AriaDebugVC10.lib ArNetworkingDebugVC10.lib Kinect10.lib kernel32.lib user32.lib gdi32.lib winspool.lib comdlg32.lib advapi32.lib shell32.lib ole32.lib oleaut32.lib uuid.lib odbc32.lib odbccp32.lib /MANIFEST /MANIFESTUAC:"level='asInvoker' uiAccess='false'" /manifest:embed /DEBUG /PDB:"C:\Users\admin\Documents\GitHub\CIS643\KinectSonarRobot\Debug\Robot.pdb" /TLBID:1 /DYNAMICBASE /NXCOMPAT /IMPLIB:"C:\Users\admin\Documents\GitHub\CIS643\KinectSonarRobot\Debug\Robot.lib" /MACHINE:X86 Debug\AI.obj
         Debug\DataManager.obj
         Debug\KinectSensor.obj
         Debug\Main.obj
         Debug\RobotController.obj
         Debug\TestKinectSensor.obj
         KinectSonarRobot.vcxproj -> C:\Users\admin\Documents\GitHub\CIS643\KinectSonarRobot\Debug\Robot.exe
     1>Done Building Project "C:\Users\admin\Documents\GitHub\CIS643\KinectSonarRobot\KinectSonarRobot\KinectSonarRobot.vcxproj" (Build target(s)).

Build succeeded.

Time Elapsed 00:00:47.22
