C:\USERS\ADMIN\DOCUMENTS\GITHUB\CIS643\KINECTSONARROBOT\KINECTSONARROBOT\DEBUG\AI.OBJ
C:\USERS\ADMIN\DOCUMENTS\GITHUB\CIS643\KINECTSONARROBOT\KINECTSONARROBOT\DEBUG\KINECTSENSOR.OBJ
C:\USERS\ADMIN\DOCUMENTS\GITHUB\CIS643\KINECTSONARROBOT\KINECTSONARROBOT\DEBUG\MAIN.OBJ
C:\USERS\ADMIN\DOCUMENTS\GITHUB\CIS643\KINECTSONARROBOT\KINECTSONARROBOT\DEBUG\ROBOTCONTROLLER.OBJ
C:\USERS\ADMIN\DOCUMENTS\GITHUB\CIS643\KINECTSONARROBOT\KINECTSONARROBOT\DEBUG\TESTKINECTSENSOR.OBJ
C:\USERS\ADMIN\DOCUMENTS\GITHUB\CIS643\KINECTSONARROBOT\KINECTSONARROBOT\DEBUG\VC110.PDB
C:\USERS\ADMIN\DOCUMENTS\GITHUB\CIS643\KINECTSONARROBOT\KINECTSONARROBOT\DEBUG\DATAMANAGER.OBJ
C:\Users\admin\Documents\GitHub\CIS643\KinectSonarRobot\KinectSonarRobot\Debug\AI.obj
C:\Users\admin\Documents\GitHub\CIS643\KinectSonarRobot\KinectSonarRobot\Debug\DataManager.obj
C:\Users\admin\Documents\GitHub\CIS643\KinectSonarRobot\KinectSonarRobot\Debug\KinectSensor.obj
C:\Users\admin\Documents\GitHub\CIS643\KinectSonarRobot\KinectSonarRobot\Debug\Main.obj
C:\Users\admin\Documents\GitHub\CIS643\KinectSonarRobot\KinectSonarRobot\Debug\RobotController.obj
C:\Users\admin\Documents\GitHub\CIS643\KinectSonarRobot\KinectSonarRobot\Debug\TestKinectSensor.obj
C:\Users\admin\Documents\GitHub\CIS643\KinectSonarRobot\KinectSonarRobot\Debug\cl.command.1.tlog
C:\Users\admin\Documents\GitHub\CIS643\KinectSonarRobot\KinectSonarRobot\Debug\CL.read.1.tlog
C:\Users\admin\Documents\GitHub\CIS643\KinectSonarRobot\KinectSonarRobot\Debug\CL.write.1.tlog
C:\Users\admin\Documents\GitHub\CIS643\KinectSonarRobot\KinectSonarRobot\Debug\link-cvtres.read.1.tlog
C:\Users\admin\Documents\GitHub\CIS643\KinectSonarRobot\KinectSonarRobot\Debug\link-cvtres.write.1.tlog
C:\Users\admin\Documents\GitHub\CIS643\KinectSonarRobot\KinectSonarRobot\Debug\link-rc.read.1.tlog
C:\Users\admin\Documents\GitHub\CIS643\KinectSonarRobot\KinectSonarRobot\Debug\link-rc.write.1.tlog
C:\Users\admin\Documents\GitHub\CIS643\KinectSonarRobot\KinectSonarRobot\Debug\link.4484-cvtres.read.1.tlog
C:\Users\admin\Documents\GitHub\CIS643\KinectSonarRobot\KinectSonarRobot\Debug\link.4484-cvtres.write.1.tlog
C:\Users\admin\Documents\GitHub\CIS643\KinectSonarRobot\KinectSonarRobot\Debug\link.4484-rc.read.1.tlog
C:\Users\admin\Documents\GitHub\CIS643\KinectSonarRobot\KinectSonarRobot\Debug\link.4484-rc.write.1.tlog
C:\Users\admin\Documents\GitHub\CIS643\KinectSonarRobot\KinectSonarRobot\Debug\link.4484.read.1.tlog
C:\Users\admin\Documents\GitHub\CIS643\KinectSonarRobot\KinectSonarRobot\Debug\link.4484.write.1.tlog
C:\Users\admin\Documents\GitHub\CIS643\KinectSonarRobot\KinectSonarRobot\Debug\link.command.1.tlog
C:\Users\admin\Documents\GitHub\CIS643\KinectSonarRobot\KinectSonarRobot\Debug\link.read.1.tlog
C:\Users\admin\Documents\GitHub\CIS643\KinectSonarRobot\KinectSonarRobot\Debug\link.write.1.tlog
C:\Users\admin\Documents\GitHub\CIS643\KinectSonarRobot\KinectSonarRobot\Debug\vc110.idb
C:\Users\admin\Documents\GitHub\CIS643\KinectSonarRobot\KinectSonarRobot\Debug\vc110.pdb
C:\Users\admin\Documents\GitHub\CIS643\KinectSonarRobot\Debug\Robot.pdb
